Arguments: 
  /usr/local/Cellar/node/9.3.0_1/bin/node /usr/local/Cellar/yarn/1.3.2/libexec/bin/yarn.js

PATH: 
  /usr/local/bin:/usr/bin:/bin:/usr/sbin:/sbin

Yarn version: 
  1.3.2

Node version: 
  9.3.0

Platform: 
  darwin x64

npm manifest: 
  {
    "dependencies": {
      "jquery": "^2.2.4",
      "normalize.css": "^7.0.0",
    },
    "devDependencies": {
      "connectholland-gulp-tasks": "^3.0.0",
      "connectholland-sass-mixins": "^1.0.3",
      "gulp": "^3.9.0",
      "gulp-chug": "^0.5",
      "gulp-concat": "^2.6.0",
      "gulp-debug": "^2.1.2",
      "gulp-if": "^2.0.0",
      "gulp-livereload": "^3.8.1",
      "gulp-order": "^1.1.1",
      "gulp-sass": "^2.3.0",
      "gulp-simple-task-loader": "^1.3.8",
      "gulp-sourcemaps": "^1.6.0",
      "gulp-uglify": "^1.5.1",
      "gulp-uglifycss": "^1.0.5",
      "gulp-util": "^3.0.7",
      "merge-stream": "^1.0.0",
      "semver": "^5.3.0",
      "yargs": "^6.4.0"
    },
    "scripts": {
      "gulp": "gulp"
    },
    "author": "Matthijs Hasenpflug",
    "license": "MIT"
  }

yarn manifest: 
  No manifest

Lockfile: 
  No lockfile

Trace: 
  SyntaxError: /Users/matthijs/src/finance-report/package.json: Unexpected token } in JSON at position 79
      at JSON.parse (<anonymous>)
      at /usr/local/Cellar/yarn/1.3.2/libexec/lib/cli.js:770:59
      at Generator.next (<anonymous>)
      at step (/usr/local/Cellar/yarn/1.3.2/libexec/lib/cli.js:92:30)
      at /usr/local/Cellar/yarn/1.3.2/libexec/lib/cli.js:103:13
      at <anonymous>
